<?xml version="1.0" encoding="UTF-8"?>
<!-- Generated by org.testng.reporters.JUnitReportReporter -->
<testsuite skipped="0" hostname="LAPTOP-MD49KGEU" name="com.grid.SampleTest" tests="1" failures="0" timestamp="27 Nov 2021 08:15:05 GMT" time="11.374" errors="0">
  <testcase name="samplefun" time="11.374" classname="com.grid.SampleTest"/>
</testsuite> <!-- com.grid.SampleTest -->
