<?xml version="1.0" encoding="UTF-8"?>
<!-- Generated by org.testng.reporters.JUnitReportReporter -->
<testsuite skipped="0" hostname="LAPTOP-MD49KGEU" name="com.grid.SampleTest" tests="1" failures="0" timestamp="26 Nov 2021 18:32:55 GMT" time="10.009" errors="0">
  <testcase name="samplefun" time="10.009" classname="com.grid.SampleTest"/>
</testsuite> <!-- com.grid.SampleTest -->
