<?xml version="1.0" encoding="UTF-8"?>
<!-- Generated by org.testng.reporters.JUnitReportReporter -->
<testsuite skipped="0" hostname="LAPTOP-MD49KGEU" name="com.grid.SampleTest" tests="1" failures="0" timestamp="27 Nov 2021 07:45:36 GMT" time="13.202" errors="0">
  <testcase name="samplefun" time="13.202" classname="com.grid.SampleTest"/>
</testsuite> <!-- com.grid.SampleTest -->
